<?xml version="1.0" encoding="UTF-8"?>
<testsuite name="com.creditas.simulador_emprestimo.service.EmprestimoServiceImplTest" tests="7" skipped="0" failures="0" errors="0" timestamp="2025-08-09T13:39:05.553Z" hostname="DESKTOP-LBQS339" time="5.126">
  <properties/>
  <testcase name="[1] idade=20, taxaEsperada=0.05" classname="com.creditas.simulador_emprestimo.service.EmprestimoServiceImplTest" time="4.811"/>
  <testcase name="[2] idade=30, taxaEsperada=0.03" classname="com.creditas.simulador_emprestimo.service.EmprestimoServiceImplTest" time="0.02"/>
  <testcase name="[3] idade=50, taxaEsperada=0.02" classname="com.creditas.simulador_emprestimo.service.EmprestimoServiceImplTest" time="0.016"/>
  <testcase name="[4] idade=70, taxaEsperada=0.04" classname="com.creditas.simulador_emprestimo.service.EmprestimoServiceImplTest" time="0.018"/>
  <testcase name="deveSimularEmprestimoENAOEnviarEmail()" classname="com.creditas.simulador_emprestimo.service.EmprestimoServiceImplTest" time="0.179"/>
  <testcase name="naoEnviaEmailQuandoSimulacaoNula()" classname="com.creditas.simulador_emprestimo.service.EmprestimoServiceImplTest" time="0.012"/>
  <testcase name="deveSimularEmprestimoEEnviarEmail()" classname="com.creditas.simulador_emprestimo.service.EmprestimoServiceImplTest" time="0.023"/>
  <system-out><![CDATA[]]></system-out>
  <system-err><![CDATA[Mockito is currently self-attaching to enable the inline-mock-maker. This will no longer work in future releases of the JDK. Please add Mockito as an agent to your build as described in Mockito's documentation: https://javadoc.io/doc/org.mockito/mockito-core/latest/org.mockito/org/mockito/Mockito.html#0.3
WARNING: A Java agent has been loaded dynamically (C:\Users\User\.gradle\caches\modules-2\files-2.1\net.bytebuddy\byte-buddy-agent\1.17.6\17b32fd9f57deef02842f7f05abc4ad8127fe34e\byte-buddy-agent-1.17.6.jar)
WARNING: If a serviceability tool is in use, please run with -XX:+EnableDynamicAgentLoading to hide this warning
WARNING: If a serviceability tool is not in use, please run with -Djdk.instrument.traceUsage for more information
WARNING: Dynamic loading of agents will be disallowed by default in a future release
]]></system-err>
</testsuite>
